[09:42:05.057] experiment 1: lost update at READ COMMITTED -- container r4-t1
[09:42:05.069] reset schema (one-off psql, output verbatim below):
DROP TABLE IF EXISTS accounts;
NOTICE:  table "accounts" does not exist, skipping
DROP TABLE
CREATE TABLE accounts (id int PRIMARY KEY, balance int NOT NULL);
CREATE TABLE
INSERT INTO accounts VALUES (1, 1000);
INSERT 0 1
SELECT * FROM accounts;
 id | balance 
----+---------
  1 |    1000
(1 row)

SHOW default_transaction_isolation;
 default_transaction_isolation 
-------------------------------
 read committed
(1 row)

[09:42:05.172] session A pid=78005  session B pid=78006  logs in /Users/ryannel/Workspace/writer/testing/round-4/evidence/t1-isolation-rerun/raw/01-lost-update-rc
[09:42:05.186] feed A | A0 | \timing on
[09:42:06.433] feed B | B0 | \timing on
[09:42:07.681] feed A | A1 | BEGIN;
[09:42:08.928] feed B | B1 | BEGIN;
[09:42:10.171] feed A | A2 | SELECT balance FROM accounts WHERE id = 1;
[09:42:11.409] feed B | B2 | SELECT balance FROM accounts WHERE id = 1;
[09:42:12.654] client A read balance=1000, computes 1000-100=900 in the client
[09:42:12.665] client B read balance=1000, computes 1000-100=900 in the client
[09:42:12.675] feed A | A3 | UPDATE accounts SET balance = 900 WHERE id = 1;
[09:42:13.913] feed B | B3 | UPDATE accounts SET balance = 900 WHERE id = 1;
[09:42:13.939] B3 fed; B's UPDATE should now be blocked on A's row lock (see elapsed time on B3 in sessionB.log)
[09:42:16.468] feed A | A4 | COMMIT;
[09:42:19.225] feed B | B4 | COMMIT;
[09:42:20.497] both sessions ended (EOF)
[09:42:20.511] final state (one-off psql, output verbatim below):
SELECT * FROM accounts;
 id | balance 
----+---------
  1 |     900
(1 row)

[09:42:20.597] done. started at 1000; A and B each subtracted 100 client-side; final balance above.
