\echo === STEP B0 (fed 09:42:06.447) ===
=== STEP B0 (fed 09:42:06.447) ===
\timing on
Timing is on.
\echo === STEP B1 (fed 09:42:08.942) ===
=== STEP B1 (fed 09:42:08.942) ===
BEGIN;
BEGIN
Time: 0.416 ms
\echo === STEP B2 (fed 09:42:11.421) ===
=== STEP B2 (fed 09:42:11.421) ===
SELECT balance FROM accounts WHERE id = 1;
 balance 
---------
    1000
(1 row)

Time: 0.604 ms
\echo === STEP B3 (fed 09:42:13.927) ===
=== STEP B3 (fed 09:42:13.927) ===
UPDATE accounts SET balance = 900 WHERE id = 1;
UPDATE 1
Time: 2555.938 ms (00:02.556)
\echo === STEP B4 (fed 09:42:19.240) ===
=== STEP B4 (fed 09:42:19.240) ===
COMMIT;
COMMIT
Time: 3.305 ms
