\echo === STEP A0 (fed 09:42:05.199) ===
=== STEP A0 (fed 09:42:05.199) ===
\timing on
Timing is on.
\echo === STEP A1 (fed 09:42:07.696) ===
=== STEP A1 (fed 09:42:07.696) ===
BEGIN;
BEGIN
Time: 0.189 ms
\echo === STEP A2 (fed 09:42:10.186) ===
=== STEP A2 (fed 09:42:10.186) ===
SELECT balance FROM accounts WHERE id = 1;
 balance 
---------
    1000
(1 row)

Time: 1.317 ms
\echo === STEP A3 (fed 09:42:12.685) ===
=== STEP A3 (fed 09:42:12.685) ===
UPDATE accounts SET balance = 900 WHERE id = 1;
UPDATE 1
Time: 0.807 ms
\echo === STEP A4 (fed 09:42:16.481) ===
=== STEP A4 (fed 09:42:16.481) ===
COMMIT;
COMMIT
Time: 1.644 ms
