=== r4-replication setup — Fri Jul 24 09:29:42 SAST 2026 ===

$ docker network create r4-replnet
e82b5e6d957a38c5cd6f4a263ccee2925c9cbaf7250065c5d922685876bac9bb

$ docker run -d --name r4-repl-primary --network r4-replnet -e POSTGRES_PASSWORD=lab -e POSTGRES_HOST_AUTH_METHOD=trust -p 5441:5432 postgres:16-alpine -c wal_level=replica -c max_wal_senders=10 -c max_replication_slots=10 -c hot_standby=on -c log_min_messages=warning
c9e44268db5bb4b44bb33e415c0376159c47efb84533a4d1c716fe83001f0e2d

--- waiting for primary to accept connections ---
primary ready after 2s

$ append 'host replication all all trust' to pg_hba.conf

$ docker exec r4-repl-primary psql -U postgres -c SELECT pg_reload_conf();
 pg_reload_conf 
----------------
 t
(1 row)


$ psql@r4-repl-primary -c "SELECT pg_create_physical_replication_slot('slot_a');"
 pg_create_physical_replication_slot 
-------------------------------------
 (slot_a,)
(1 row)


$ psql@r4-repl-primary -c "SELECT pg_create_physical_replication_slot('slot_b');"
 pg_create_physical_replication_slot 
-------------------------------------
 (slot_b,)
(1 row)


$ docker volume create r4-sba-data
r4-sba-data

$ pg_basebackup -> r4-sba-data (slot slot_a)
waiting for checkpoint
23182/23182 kB (100%), 0/1 tablespace
23182/23182 kB (100%), 1/1 tablespace

$ docker run -d --name r4-repl-sba --network r4-replnet -v r4-sba-data:/var/lib/postgresql/data -p 5442:5432 postgres:16-alpine -c hot_standby=on -c log_min_messages=warning
89b29d16efccb2677befa453a04b127bbe9a504ab6b8f2e1659f091ac6d49ddf

--- waiting for r4-repl-sba ---
r4-repl-sba ready after 1s

$ docker volume create r4-sbb-data
r4-sbb-data

$ pg_basebackup -> r4-sbb-data (slot slot_b)
waiting for checkpoint
23182/23182 kB (100%), 0/1 tablespace
23182/23182 kB (100%), 1/1 tablespace

$ docker run -d --name r4-repl-sbb --network r4-replnet -v r4-sbb-data:/var/lib/postgresql/data -p 5443:5432 postgres:16-alpine -c hot_standby=on -c log_min_messages=warning
6f6cb32a751f793e25074660e4e77989b89b7ef655f0866e63199be5631ff8e0

--- waiting for r4-repl-sbb ---
r4-repl-sbb ready after 1s

=== topology verification ===

$ psql@r4-repl-primary -c "SELECT application_name, state, sync_state, sent_lsn, replay_lsn FROM pg_stat_replication ORDER BY application_name;"
 application_name |   state   | sync_state | sent_lsn  | replay_lsn 
------------------+-----------+------------+-----------+------------
 walreceiver      | streaming | async      | 0/4000000 | 0/4000000
 walreceiver      | streaming | async      | 0/4000000 | 0/4000000
(2 rows)


$ psql@r4-repl-sba -c "SELECT pg_is_in_recovery();"
 pg_is_in_recovery 
-------------------
 t
(1 row)


$ psql@r4-repl-sbb -c "SELECT pg_is_in_recovery();"
 pg_is_in_recovery 
-------------------
 t
(1 row)


=== setup complete — Fri Jul 24 09:29:45 SAST 2026 ===
