=== Experiment 2: partition pruning — Fri Jul 24 09:37:49 SAST 2026 ===

--- the real size of each side (the parent relation itself stores nothing) ---

$ psql -c "SELECT pg_size_pretty(sum(pg_total_relation_size(c.oid))) AS all_partitions_total FROM pg_class c JOIN pg_inherits i ON i.inhrelid = c.oid WHERE i.inhparent = 'events'::regclass;"
 all_partitions_total 
----------------------
 208 MB
(1 row)


$ psql -c "SELECT pg_size_pretty(pg_total_relation_size('events_flat')) AS flat_total;"
 flat_total 
------------
 208 MB
(1 row)


================================================================
=== (a) one month, on the PARTITIONED table
================================================================

--- run 1 of 3 ---
                                                                                QUERY PLAN                                                                                
--------------------------------------------------------------------------------------------------------------------------------------------------------------------------
 Finalize Aggregate  (cost=4797.31..4797.32 rows=1 width=8) (actual time=18.280..19.622 rows=1 loops=1)
   Buffers: shared hit=800 read=899
   ->  Gather  (cost=4797.20..4797.31 rows=1 width=8) (actual time=18.180..19.616 rows=2 loops=1)
         Workers Planned: 1
         Workers Launched: 1
         Buffers: shared hit=800 read=899
         ->  Partial Aggregate  (cost=3797.20..3797.21 rows=1 width=8) (actual time=17.118..17.119 rows=1 loops=2)
               Buffers: shared hit=800 read=899
               ->  Parallel Seq Scan on events_2025_07 events  (cost=0.00..3497.46 rows=119897 width=0) (actual time=0.012..13.577 rows=101912 loops=2)
                     Filter: ((occurred_at >= '2025-07-01 00:00:00+00'::timestamp with time zone) AND (occurred_at < '2025-08-01 00:00:00+00'::timestamp with time zone))
                     Buffers: shared hit=800 read=899
 Planning:
   Buffers: shared hit=185 read=10
 Planning Time: 0.870 ms
 Execution Time: 19.658 ms
(15 rows)


--- run 2 of 3 ---
                                                                                QUERY PLAN                                                                                
--------------------------------------------------------------------------------------------------------------------------------------------------------------------------
 Finalize Aggregate  (cost=4797.31..4797.32 rows=1 width=8) (actual time=11.948..13.448 rows=1 loops=1)
   Buffers: shared hit=1699
   ->  Gather  (cost=4797.20..4797.31 rows=1 width=8) (actual time=11.852..13.445 rows=2 loops=1)
         Workers Planned: 1
         Workers Launched: 1
         Buffers: shared hit=1699
         ->  Partial Aggregate  (cost=3797.20..3797.21 rows=1 width=8) (actual time=10.476..10.476 rows=1 loops=2)
               Buffers: shared hit=1699
               ->  Parallel Seq Scan on events_2025_07 events  (cost=0.00..3497.46 rows=119897 width=0) (actual time=0.008..7.247 rows=101912 loops=2)
                     Filter: ((occurred_at >= '2025-07-01 00:00:00+00'::timestamp with time zone) AND (occurred_at < '2025-08-01 00:00:00+00'::timestamp with time zone))
                     Buffers: shared hit=1699
 Planning:
   Buffers: shared hit=195
 Planning Time: 0.730 ms
 Execution Time: 13.476 ms
(15 rows)


--- run 3 of 3 ---
                                                                                QUERY PLAN                                                                                
--------------------------------------------------------------------------------------------------------------------------------------------------------------------------
 Finalize Aggregate  (cost=4797.31..4797.32 rows=1 width=8) (actual time=11.871..13.122 rows=1 loops=1)
   Buffers: shared hit=1699
   ->  Gather  (cost=4797.20..4797.31 rows=1 width=8) (actual time=11.782..13.117 rows=2 loops=1)
         Workers Planned: 1
         Workers Launched: 1
         Buffers: shared hit=1699
         ->  Partial Aggregate  (cost=3797.20..3797.21 rows=1 width=8) (actual time=10.751..10.751 rows=1 loops=2)
               Buffers: shared hit=1699
               ->  Parallel Seq Scan on events_2025_07 events  (cost=0.00..3497.46 rows=119897 width=0) (actual time=0.010..7.369 rows=101912 loops=2)
                     Filter: ((occurred_at >= '2025-07-01 00:00:00+00'::timestamp with time zone) AND (occurred_at < '2025-08-01 00:00:00+00'::timestamp with time zone))
                     Buffers: shared hit=1699
 Planning:
   Buffers: shared hit=195
 Planning Time: 0.768 ms
 Execution Time: 13.146 ms
(15 rows)


================================================================
=== (b) the same month, on the UNPARTITIONED twin
================================================================

--- run 1 of 3 ---
                                                                                    QUERY PLAN                                                                                    
----------------------------------------------------------------------------------------------------------------------------------------------------------------------------------
 Finalize Aggregate  (cost=9133.40..9133.41 rows=1 width=8) (actual time=32.147..33.467 rows=1 loops=1)
   Buffers: shared hit=202121 read=2261
   ->  Gather  (cost=9133.19..9133.40 rows=2 width=8) (actual time=32.142..33.464 rows=3 loops=1)
         Workers Planned: 2
         Workers Launched: 2
         Buffers: shared hit=202121 read=2261
         ->  Partial Aggregate  (cost=8133.19..8133.20 rows=1 width=8) (actual time=30.354..30.355 rows=1 loops=3)
               Buffers: shared hit=202121 read=2261
               ->  Parallel Index Only Scan using events_flat_occurred_idx on events_flat  (cost=0.43..7920.52 rows=85068 width=0) (actual time=0.080..28.076 rows=67942 loops=3)
                     Index Cond: ((occurred_at >= '2025-07-01 00:00:00+00'::timestamp with time zone) AND (occurred_at < '2025-08-01 00:00:00+00'::timestamp with time zone))
                     Heap Fetches: 203825
                     Buffers: shared hit=202121 read=2261
 Planning:
   Buffers: shared hit=70
 Planning Time: 0.303 ms
 Execution Time: 33.522 ms
(16 rows)


--- run 2 of 3 ---
                                                                                    QUERY PLAN                                                                                    
----------------------------------------------------------------------------------------------------------------------------------------------------------------------------------
 Finalize Aggregate  (cost=9133.40..9133.41 rows=1 width=8) (actual time=19.863..20.984 rows=1 loops=1)
   Buffers: shared hit=204382
   ->  Gather  (cost=9133.19..9133.40 rows=2 width=8) (actual time=19.845..20.981 rows=3 loops=1)
         Workers Planned: 2
         Workers Launched: 2
         Buffers: shared hit=204382
         ->  Partial Aggregate  (cost=8133.19..8133.20 rows=1 width=8) (actual time=18.554..18.555 rows=1 loops=3)
               Buffers: shared hit=204382
               ->  Parallel Index Only Scan using events_flat_occurred_idx on events_flat  (cost=0.43..7920.52 rows=85068 width=0) (actual time=0.014..16.441 rows=67942 loops=3)
                     Index Cond: ((occurred_at >= '2025-07-01 00:00:00+00'::timestamp with time zone) AND (occurred_at < '2025-08-01 00:00:00+00'::timestamp with time zone))
                     Heap Fetches: 203825
                     Buffers: shared hit=204382
 Planning:
   Buffers: shared hit=70
 Planning Time: 0.223 ms
 Execution Time: 21.027 ms
(16 rows)


--- run 3 of 3 ---
                                                                                    QUERY PLAN                                                                                    
----------------------------------------------------------------------------------------------------------------------------------------------------------------------------------
 Finalize Aggregate  (cost=9133.40..9133.41 rows=1 width=8) (actual time=19.477..20.792 rows=1 loops=1)
   Buffers: shared hit=204382
   ->  Gather  (cost=9133.19..9133.40 rows=2 width=8) (actual time=19.341..20.785 rows=3 loops=1)
         Workers Planned: 2
         Workers Launched: 2
         Buffers: shared hit=204382
         ->  Partial Aggregate  (cost=8133.19..8133.20 rows=1 width=8) (actual time=18.157..18.157 rows=1 loops=3)
               Buffers: shared hit=204382
               ->  Parallel Index Only Scan using events_flat_occurred_idx on events_flat  (cost=0.43..7920.52 rows=85068 width=0) (actual time=0.015..16.099 rows=67942 loops=3)
                     Index Cond: ((occurred_at >= '2025-07-01 00:00:00+00'::timestamp with time zone) AND (occurred_at < '2025-08-01 00:00:00+00'::timestamp with time zone))
                     Heap Fetches: 203825
                     Buffers: shared hit=204382
 Planning:
   Buffers: shared hit=70
 Planning Time: 0.260 ms
 Execution Time: 20.834 ms
(16 rows)


================================================================
=== (c) NO predicate on the partition key — pruning cannot help
================================================================

$ psql -c "EXPLAIN (ANALYZE, BUFFERS, COSTS ON) SELECT count(*) FROM events WHERE tenant_id = 42;"
                                                                        QUERY PLAN                                                                         
-----------------------------------------------------------------------------------------------------------------------------------------------------------
 Finalize Aggregate  (cost=38658.68..38658.69 rows=1 width=8) (actual time=53.186..55.544 rows=1 loops=1)
   Buffers: shared hit=1699 read=18305 written=1
   ->  Gather  (cost=38658.46..38658.67 rows=2 width=8) (actual time=53.019..55.538 rows=3 loops=1)
         Workers Planned: 2
         Workers Launched: 2
         Buffers: shared hit=1699 read=18305 written=1
         ->  Partial Aggregate  (cost=37658.46..37658.47 rows=1 width=8) (actual time=51.720..51.722 rows=1 loops=3)
               Buffers: shared hit=1699 read=18305 written=1
               ->  Parallel Append  (cost=0.00..37655.99 rows=987 width=0) (actual time=0.066..51.640 rows=795 loops=3)
                     Buffers: shared hit=1699 read=18305 written=1
                     ->  Parallel Seq Scan on events_2025_03 events_3  (cost=0.00..3197.94 rows=119 width=0) (actual time=0.050..14.730 rows=204 loops=1)
                           Filter: (tenant_id = 42)
                           Rows Removed by Filter: 203652
                           Buffers: shared read=1699
                     ->  Parallel Seq Scan on events_2025_01 events_1  (cost=0.00..3197.93 rows=119 width=0) (actual time=0.106..14.730 rows=181 loops=1)
                           Filter: (tenant_id = 42)
                           Rows Removed by Filter: 203674
                           Buffers: shared read=1699
                     ->  Parallel Seq Scan on events_2025_05 events_5  (cost=0.00..3197.76 rows=119 width=0) (actual time=0.412..14.262 rows=216 loops=1)
                           Filter: (tenant_id = 42)
                           Rows Removed by Filter: 203615
                           Buffers: shared read=1699
                     ->  Parallel Seq Scan on events_2025_07 events_7  (cost=0.00..3197.71 rows=119 width=0) (actual time=0.012..6.626 rows=213 loops=1)
                           Filter: (tenant_id = 42)
                           Rows Removed by Filter: 203612
                           Buffers: shared hit=1699
                     ->  Parallel Seq Scan on events_2025_08 events_8  (cost=0.00..3197.71 rows=119 width=0) (actual time=0.042..15.106 rows=218 loops=1)
                           Filter: (tenant_id = 42)
                           Rows Removed by Filter: 203607
                           Buffers: shared read=1699
                     ->  Parallel Seq Scan on events_2025_10 events_10  (cost=0.00..3197.71 rows=119 width=0) (actual time=0.038..13.629 rows=191 loops=1)
                           Filter: (tenant_id = 42)
                           Rows Removed by Filter: 203634
                           Buffers: shared read=1699
                     ->  Parallel Seq Scan on events_2025_12 events_12  (cost=0.00..3197.71 rows=119 width=0) (actual time=0.067..11.537 rows=218 loops=1)
                           Filter: (tenant_id = 42)
                           Rows Removed by Filter: 203607
                           Buffers: shared read=1699
                     ->  Parallel Seq Scan on events_2025_04 events_4  (cost=0.00..3094.59 rows=115 width=0) (actual time=0.033..3.614 rows=67 loops=3)
                           Filter: (tenant_id = 42)
                           Rows Removed by Filter: 65693
                           Buffers: shared read=1644
                     ->  Parallel Seq Scan on events_2025_06 events_6  (cost=0.00..3094.37 rows=115 width=0) (actual time=0.038..5.329 rows=102 loops=2)
                           Filter: (tenant_id = 42)
                           Rows Removed by Filter: 98523
                           Buffers: shared read=1644
                     ->  Parallel Seq Scan on events_2025_09 events_9  (cost=0.00..3094.37 rows=115 width=0) (actual time=0.037..13.749 rows=176 loops=1)
                           Filter: (tenant_id = 42)
                           Rows Removed by Filter: 197074
                           Buffers: shared read=1644 written=1
                     ->  Parallel Seq Scan on events_2025_11 events_11  (cost=0.00..3094.37 rows=115 width=0) (actual time=0.112..14.452 rows=181 loops=1)
                           Filter: (tenant_id = 42)
                           Rows Removed by Filter: 197069
                           Buffers: shared read=1644
                     ->  Parallel Seq Scan on events_2025_02 events_2  (cost=0.00..2888.88 rows=106 width=0) (actual time=0.041..14.376 rows=180 loops=1)
                           Filter: (tenant_id = 42)
                           Rows Removed by Filter: 183948
                           Buffers: shared read=1535
 Planning:
   Buffers: shared hit=455 read=11
 Planning Time: 1.177 ms
 Execution Time: 55.609 ms
(62 rows)


================================================================
=== (d) how many partitions each query actually touched
================================================================
$ counting 'events_2025_' scan nodes in each plan above
(a) partitioned, one month:
1
(c) partitioned, no partition-key predicate:
12

=== Experiment 2 complete — Fri Jul 24 09:37:50 SAST 2026 ===
