=== SPOT-VERIFICATION (not part of the original session; never written into raw/) ===
Re-running only the load-bearing rungs remote_write vs on, to check the separation reproduces.
Date: Fri Jul 24 09:35:11 SAST 2026
ALTER SYSTEM
 pg_reload_conf 
----------------
 t
(1 row)


$ sync_state check
 application_name | sync_state 
------------------+------------
 sba              | sync
 sbb              | async
(2 rows)


--- verification: synchronous_commit = remote_write, 3 runs ---
 remote_write
latency average = 0.272 ms
latency average = 0.227 ms
latency average = 0.227 ms

--- verification: synchronous_commit = on, 3 runs ---
 on
latency average = 0.383 ms
latency average = 0.348 ms
latency average = 0.322 ms

=== verification complete ===
