[10:48:29.784] experiment 3: write skew at REPEATABLE READ -- container r4-t1
[10:48:29.796] invariant: at least one doctor on call. reset schema (one-off psql, output verbatim below):
DROP TABLE IF EXISTS doctors;
DROP TABLE
CREATE TABLE doctors (id int PRIMARY KEY, name text NOT NULL, on_call boolean NOT NULL);
CREATE TABLE
INSERT INTO doctors VALUES (1, 'alice', true), (2, 'bob', true);
INSERT 0 2
SELECT * FROM doctors ORDER BY id;
 id | name  | on_call 
----+-------+---------
  1 | alice | t
  2 | bob   | t
(2 rows)

[10:48:29.881] session A pid=92269  session B pid=92270  logs in /Users/ryannel/Workspace/writer/testing/round-4/evidence/t1-isolation-rerun/raw/05-write-skew-rr
[10:48:29.894] feed A | A0 | \timing on
[10:48:31.137] feed B | B0 | \timing on
[10:48:32.386] feed A | A1 | BEGIN ISOLATION LEVEL REPEATABLE READ;
[10:48:33.630] feed B | B1 | BEGIN ISOLATION LEVEL REPEATABLE READ;
[10:48:34.878] feed A | A2 | SELECT count(*) FROM doctors WHERE on_call;
[10:48:36.128] feed B | B2 | SELECT count(*) FROM doctors WHERE on_call;
[10:48:37.390] client A sees 2 doctors on call; rule: alice may go off call only if count >= 2
[10:48:37.405] client B sees 2 doctors on call; rule: bob may go off call only if count >= 2
[10:48:37.418] feed A | A3 | UPDATE doctors SET on_call = false WHERE id = 1;
[10:48:38.660] feed B | B3 | UPDATE doctors SET on_call = false WHERE id = 2;
[10:48:39.905] feed A | A4 | COMMIT;
[10:48:42.663] feed B | B4 | COMMIT;
[10:48:43.930] both sessions ended (EOF)
[10:48:43.941] final state (one-off psql, output verbatim below):
SELECT * FROM doctors ORDER BY id;
 id | name  | on_call 
----+-------+---------
  1 | alice | f
  2 | bob   | f
(2 rows)

SELECT count(*) AS doctors_on_call_now FROM doctors WHERE on_call;
 doctors_on_call_now 
---------------------
                   0
(1 row)

[10:48:44.026] done. compare doctors_on_call_now against the invariant (>= 1).
