\echo === STEP A0 (fed 10:48:29.906) ===
=== STEP A0 (fed 10:48:29.906) ===
\timing on
Timing is on.
\echo === STEP A1 (fed 10:48:32.402) ===
=== STEP A1 (fed 10:48:32.402) ===
BEGIN ISOLATION LEVEL REPEATABLE READ;
BEGIN
Time: 0.428 ms
\echo === STEP A2 (fed 10:48:34.894) ===
=== STEP A2 (fed 10:48:34.894) ===
SELECT count(*) FROM doctors WHERE on_call;
 count 
-------
     2
(1 row)

Time: 2.323 ms
\echo === STEP A3 (fed 10:48:37.430) ===
=== STEP A3 (fed 10:48:37.430) ===
UPDATE doctors SET on_call = false WHERE id = 1;
UPDATE 1
Time: 0.718 ms
\echo === STEP A4 (fed 10:48:39.917) ===
=== STEP A4 (fed 10:48:39.917) ===
COMMIT;
COMMIT
Time: 4.844 ms
