\echo === STEP B0 (fed 10:48:31.156) ===
=== STEP B0 (fed 10:48:31.156) ===
\timing on
Timing is on.
\echo === STEP B1 (fed 10:48:33.646) ===
=== STEP B1 (fed 10:48:33.646) ===
BEGIN ISOLATION LEVEL REPEATABLE READ;
BEGIN
Time: 0.620 ms
\echo === STEP B2 (fed 10:48:36.143) ===
=== STEP B2 (fed 10:48:36.143) ===
SELECT count(*) FROM doctors WHERE on_call;
 count 
-------
     2
(1 row)

Time: 1.529 ms
\echo === STEP B3 (fed 10:48:38.676) ===
=== STEP B3 (fed 10:48:38.676) ===
UPDATE doctors SET on_call = false WHERE id = 2;
UPDATE 1
Time: 0.716 ms
\echo === STEP B4 (fed 10:48:42.674) ===
=== STEP B4 (fed 10:48:42.674) ===
COMMIT;
COMMIT
Time: 1.345 ms
