[09:44:23.470] experiment 3: SQLSTATE of a serialization failure -- container r4-t1
DROP TABLE IF EXISTS oncall;
DROP TABLE
CREATE TABLE oncall (id int PRIMARY KEY, name text NOT NULL, on_duty boolean NOT NULL);
NOTICE:  table "oncall" does not exist, skipping
CREATE TABLE
INSERT INTO oncall VALUES (1, 'alice', true), (2, 'bob', true);
INSERT 0 2
SELECT * FROM oncall ORDER BY id;
 id | name  | on_duty 
----+-------+---------
  1 | alice | t
  2 | bob   | t
(2 rows)

[09:44:23.577] session A pid=78540  session B pid=78541  logs in /Users/ryannel/Workspace/writer/testing/round-4/evidence/t1-isolation-rerun/raw/03-sqlstate-verbose
[09:44:23.591] feed B | Bv | \set VERBOSITY verbose
[09:44:24.829] feed A | A0 | \timing on
[09:44:26.066] feed B | B0 | \timing on
[09:44:27.298] feed A | A1 | BEGIN ISOLATION LEVEL SERIALIZABLE;
[09:44:28.532] feed B | B1 | BEGIN ISOLATION LEVEL SERIALIZABLE;
[09:44:29.767] feed A | A2 | SELECT count(*) FROM oncall WHERE on_duty;
[09:44:31.012] feed B | B2 | SELECT count(*) FROM oncall WHERE on_duty;
[09:44:32.260] feed A | A3 | UPDATE oncall SET on_duty = false WHERE id = 1;
[09:44:33.505] feed B | B3 | UPDATE oncall SET on_duty = false WHERE id = 2;
[09:44:34.739] feed A | A4 | COMMIT;
[09:44:37.484] feed B | B4 | COMMIT;
[09:44:38.764] both sessions ended (EOF)
[09:44:38.780] final state (one-off psql, output verbatim below):
SELECT * FROM oncall ORDER BY id;
 id | name  | on_duty 
----+-------+---------
  1 | alice | f
  2 | bob   | t
(2 rows)

SELECT count(*) AS still_on_duty FROM oncall WHERE on_duty;
 still_on_duty 
---------------
             1
(1 row)

[09:44:38.882] invariant 'at least one on duty' must survive: SSI aborts one of the two.
