\echo === STEP A0 (fed 09:44:24.845) ===
=== STEP A0 (fed 09:44:24.845) ===
\timing on
Timing is on.
\echo === STEP A1 (fed 09:44:27.312) ===
=== STEP A1 (fed 09:44:27.312) ===
BEGIN ISOLATION LEVEL SERIALIZABLE;
BEGIN
Time: 1.110 ms
\echo === STEP A2 (fed 09:44:29.784) ===
=== STEP A2 (fed 09:44:29.784) ===
SELECT count(*) FROM oncall WHERE on_duty;
 count 
-------
     2
(1 row)

Time: 1.671 ms
\echo === STEP A3 (fed 09:44:32.277) ===
=== STEP A3 (fed 09:44:32.277) ===
UPDATE oncall SET on_duty = false WHERE id = 1;
UPDATE 1
Time: 1.652 ms
\echo === STEP A4 (fed 09:44:34.751) ===
=== STEP A4 (fed 09:44:34.751) ===
COMMIT;
COMMIT
Time: 1.481 ms
