\echo === STEP Bv (fed 09:44:23.603) ===
=== STEP Bv (fed 09:44:23.603) ===
\set VERBOSITY verbose
\echo === STEP B0 (fed 09:44:26.078) ===
=== STEP B0 (fed 09:44:26.078) ===
\timing on
Timing is on.
\echo === STEP B1 (fed 09:44:28.542) ===
=== STEP B1 (fed 09:44:28.542) ===
BEGIN ISOLATION LEVEL SERIALIZABLE;
BEGIN
Time: 0.520 ms
\echo === STEP B2 (fed 09:44:31.028) ===
=== STEP B2 (fed 09:44:31.028) ===
SELECT count(*) FROM oncall WHERE on_duty;
 count 
-------
     2
(1 row)

Time: 2.217 ms
\echo === STEP B3 (fed 09:44:33.522) ===
=== STEP B3 (fed 09:44:33.522) ===
UPDATE oncall SET on_duty = false WHERE id = 2;
UPDATE 1
Time: 1.245 ms
\echo === STEP B4 (fed 09:44:37.502) ===
=== STEP B4 (fed 09:44:37.502) ===
COMMIT;
Time: 0.663 ms
ERROR:  40001: could not serialize access due to read/write dependencies among transactions
DETAIL:  Reason code: Canceled on identification as a pivot, during commit attempt.
HINT:  The transaction might succeed if retried.
LOCATION:  PreCommit_CheckForSerializationFailure, predicate.c:4662
