[09:43:18.665] experiment 2: lost update at READ COMMITTED (asymmetric amounts) -- container r4-t1
[09:43:18.677] reset schema (one-off psql, output verbatim below):
DROP TABLE IF EXISTS accounts;
DROP TABLE
CREATE TABLE accounts (id int PRIMARY KEY, balance int NOT NULL, last_writer text);
CREATE TABLE
INSERT INTO accounts VALUES (1, 100, 'none');
INSERT 0 1
SELECT * FROM accounts;
 id | balance | last_writer 
----+---------+-------------
  1 |     100 | none
(1 row)

SHOW default_transaction_isolation;
 default_transaction_isolation 
-------------------------------
 read committed
(1 row)

[09:43:18.776] session A pid=78271  session B pid=78272  logs in /Users/ryannel/Workspace/writer/testing/round-4/evidence/t1-isolation-rerun/raw/02-lost-update-rc-asymmetric
[09:43:18.788] feed A | A0 | \timing on
[09:43:20.023] feed B | B0 | \timing on
[09:43:21.260] feed A | A1 | BEGIN;
[09:43:22.504] feed B | B1 | BEGIN;
[09:43:23.748] feed A | A2 | SELECT balance FROM accounts WHERE id = 1;
[09:43:24.992] feed B | B2 | SELECT balance FROM accounts WHERE id = 1;
[09:43:26.248] client A read balance=100, computes 100-40=60 in the client
[09:43:26.263] client B read balance=100, computes 100-30=70 in the client
[09:43:26.276] correct serial outcome is 100-40-30 = 30, whatever order they run in
[09:43:26.289] feed A | A3 | UPDATE accounts SET balance = 60, last_writer = 'A (withdrew 40)' WHERE id = 1;
[09:43:27.529] feed B | B3 | UPDATE accounts SET balance = 70, last_writer = 'B (withdrew 30)' WHERE id = 1;
[09:43:27.559] B3 fed; B's UPDATE should now be blocked on A's row lock (see elapsed time on B3 in sessionB.log)
[09:43:30.085] feed A | A4 | COMMIT;
[09:43:32.837] feed B | B4 | COMMIT;
[09:43:34.116] both sessions ended (EOF)
[09:43:34.132] final state (one-off psql, output verbatim below):
SELECT * FROM accounts;
 id | balance |   last_writer   
----+---------+-----------------
  1 |      70 | B (withdrew 30)
(1 row)

[09:43:34.221] done. started at 100; A withdrew 40 and B withdrew 30, client-side, concurrently.
[09:43:34.235] correct = 30. Anything else is a lost update, and last_writer names the write that survived.
