\echo === STEP A0 (fed 09:43:18.800) ===
=== STEP A0 (fed 09:43:18.800) ===
\timing on
Timing is on.
\echo === STEP A1 (fed 09:43:21.276) ===
=== STEP A1 (fed 09:43:21.276) ===
BEGIN;
BEGIN
Time: 0.146 ms
\echo === STEP A2 (fed 09:43:23.763) ===
=== STEP A2 (fed 09:43:23.763) ===
SELECT balance FROM accounts WHERE id = 1;
 balance 
---------
     100
(1 row)

Time: 1.226 ms
\echo === STEP A3 (fed 09:43:26.301) ===
=== STEP A3 (fed 09:43:26.301) ===
UPDATE accounts SET balance = 60, last_writer = 'A (withdrew 40)' WHERE id = 1;
UPDATE 1
Time: 0.887 ms
\echo === STEP A4 (fed 09:43:30.100) ===
=== STEP A4 (fed 09:43:30.100) ===
COMMIT;
COMMIT
Time: 1.881 ms
