\echo === STEP B0 (fed 09:43:20.038) ===
=== STEP B0 (fed 09:43:20.038) ===
\timing on
Timing is on.
\echo === STEP B1 (fed 09:43:22.519) ===
=== STEP B1 (fed 09:43:22.519) ===
BEGIN;
BEGIN
Time: 0.159 ms
\echo === STEP B2 (fed 09:43:25.007) ===
=== STEP B2 (fed 09:43:25.007) ===
SELECT balance FROM accounts WHERE id = 1;
 balance 
---------
     100
(1 row)

Time: 1.353 ms
\echo === STEP B3 (fed 09:43:27.545) ===
=== STEP B3 (fed 09:43:27.545) ===
UPDATE accounts SET balance = 70, last_writer = 'B (withdrew 30)' WHERE id = 1;
UPDATE 1
Time: 2557.109 ms (00:02.557)
\echo === STEP B4 (fed 09:43:32.856) ===
=== STEP B4 (fed 09:43:32.856) ===
COMMIT;
COMMIT
Time: 2.176 ms
