[09:41:36.747] experiment 4: write-skew interleaving at SERIALIZABLE -- container r4-t1
[09:41:36.760] invariant: at least one doctor on call. reset schema (one-off psql, output verbatim below):
DROP TABLE IF EXISTS doctors;
NOTICE:  table "doctors" does not exist, skipping
DROP TABLE
CREATE TABLE doctors (id int PRIMARY KEY, name text NOT NULL, on_call boolean NOT NULL);
CREATE TABLE
INSERT INTO doctors VALUES (1, 'alice', true), (2, 'bob', true);
INSERT 0 2
SELECT * FROM doctors ORDER BY id;
 id | name  | on_call 
----+-------+---------
  1 | alice | t
  2 | bob   | t
(2 rows)

[09:41:36.863] session A pid=77845  session B pid=77846  logs in /Users/ryannel/Workspace/writer/testing/round-4/evidence/t1-isolation-rerun/raw/04-write-skew-serializable
[09:41:36.876] feed A | A0 | \timing on
[09:41:38.126] feed B | B0 | \timing on
[09:41:39.368] feed A | A1 | BEGIN ISOLATION LEVEL SERIALIZABLE;
[09:41:40.622] feed B | B1 | BEGIN ISOLATION LEVEL SERIALIZABLE;
[09:41:41.872] feed A | A2 | SELECT count(*) FROM doctors WHERE on_call;
[09:41:43.113] feed B | B2 | SELECT count(*) FROM doctors WHERE on_call;
[09:41:44.370] client A sees 2 doctors on call; rule: alice may go off call only if count >= 2
[09:41:44.384] client B sees 2 doctors on call; rule: bob may go off call only if count >= 2
[09:41:44.396] feed A | A3 | UPDATE doctors SET on_call = false WHERE id = 1;
[09:41:45.642] feed B | B3 | UPDATE doctors SET on_call = false WHERE id = 2;
[09:41:46.885] feed A | A4 | COMMIT;
[09:41:49.646] feed B | B4 | COMMIT;
[09:41:50.905] both sessions ended (EOF)
[09:41:50.919] final state (one-off psql, output verbatim below):
SELECT * FROM doctors ORDER BY id;
 id | name  | on_call 
----+-------+---------
  1 | alice | f
  2 | bob   | t
(2 rows)

SELECT count(*) AS doctors_on_call_now FROM doctors WHERE on_call;
 doctors_on_call_now 
---------------------
                   1
(1 row)

[09:41:51.006] done. compare doctors_on_call_now against the invariant (>= 1); COMMIT results are verbatim in the session logs.
