\echo === STEP A0 (fed 09:41:36.889) ===
=== STEP A0 (fed 09:41:36.889) ===
\timing on
Timing is on.
\echo === STEP A1 (fed 09:41:39.383) ===
=== STEP A1 (fed 09:41:39.383) ===
BEGIN ISOLATION LEVEL SERIALIZABLE;
BEGIN
Time: 0.279 ms
\echo === STEP A2 (fed 09:41:41.886) ===
=== STEP A2 (fed 09:41:41.886) ===
SELECT count(*) FROM doctors WHERE on_call;
 count 
-------
     2
(1 row)

Time: 1.902 ms
\echo === STEP A3 (fed 09:41:44.408) ===
=== STEP A3 (fed 09:41:44.408) ===
UPDATE doctors SET on_call = false WHERE id = 1;
UPDATE 1
Time: 1.525 ms
\echo === STEP A4 (fed 09:41:46.901) ===
=== STEP A4 (fed 09:41:46.901) ===
COMMIT;
COMMIT
Time: 2.438 ms
