\echo === STEP B0 (fed 09:41:38.142) ===
=== STEP B0 (fed 09:41:38.142) ===
\timing on
Timing is on.
\echo === STEP B1 (fed 09:41:40.637) ===
=== STEP B1 (fed 09:41:40.637) ===
BEGIN ISOLATION LEVEL SERIALIZABLE;
BEGIN
Time: 0.194 ms
\echo === STEP B2 (fed 09:41:43.128) ===
=== STEP B2 (fed 09:41:43.128) ===
SELECT count(*) FROM doctors WHERE on_call;
 count 
-------
     2
(1 row)

Time: 1.879 ms
\echo === STEP B3 (fed 09:41:45.658) ===
=== STEP B3 (fed 09:41:45.658) ===
UPDATE doctors SET on_call = false WHERE id = 2;
UPDATE 1
Time: 1.400 ms
\echo === STEP B4 (fed 09:41:49.660) ===
=== STEP B4 (fed 09:41:49.660) ===
COMMIT;
ERROR:  could not serialize access due to read/write dependencies among transactions
DETAIL:  Reason code: Canceled on identification as a pivot, during commit attempt.
HINT:  The transaction might succeed if retried.
Time: 0.562 ms
